0 info it worked if it ends with ok
1 verbose cli [ '/usr/local/bin/node',
1 verbose cli   '/usr/local/bin/npm',
1 verbose cli   'run',
1 verbose cli   'watch-client' ]
2 info using npm@4.1.1
3 info using node@v6.9.1
4 verbose run-script [ 'prewatch-client', 'watch-client', 'postwatch-client' ]
5 info lifecycle react-redux-universal-hot-example@0.9.0~prewatch-client: react-redux-universal-hot-example@0.9.0
6 silly lifecycle react-redux-universal-hot-example@0.9.0~prewatch-client: no script for prewatch-client, continuing
7 info lifecycle react-redux-universal-hot-example@0.9.0~watch-client: react-redux-universal-hot-example@0.9.0
8 verbose lifecycle react-redux-universal-hot-example@0.9.0~watch-client: unsafe-perm in lifecycle true
9 verbose lifecycle react-redux-universal-hot-example@0.9.0~watch-client: PATH: /usr/local/lib/node_modules/npm/bin/node-gyp-bin:/private/var/www/hackathon/node_modules/.bin:/usr/local/lib/node_modules/npm/bin/node-gyp-bin:/private/var/www/hackathon/node_modules/.bin:/usr/local/bin:/usr/bin:/bin:/usr/sbin:/sbin
10 verbose lifecycle react-redux-universal-hot-example@0.9.0~watch-client: CWD: /private/var/www/hackathon
11 silly lifecycle react-redux-universal-hot-example@0.9.0~watch-client: Args: [ '-c', 'better-npm-run watch-client' ]
12 silly lifecycle react-redux-universal-hot-example@0.9.0~watch-client: Returned: code: 1  signal: null
13 info lifecycle react-redux-universal-hot-example@0.9.0~watch-client: Failed to exec watch-client script
14 verbose stack Error: react-redux-universal-hot-example@0.9.0 watch-client: `better-npm-run watch-client`
14 verbose stack Exit status 1
14 verbose stack     at EventEmitter.<anonymous> (/usr/local/lib/node_modules/npm/lib/utils/lifecycle.js:279:16)
14 verbose stack     at emitTwo (events.js:106:13)
14 verbose stack     at EventEmitter.emit (events.js:191:7)
14 verbose stack     at ChildProcess.<anonymous> (/usr/local/lib/node_modules/npm/lib/utils/spawn.js:40:14)
14 verbose stack     at emitTwo (events.js:106:13)
14 verbose stack     at ChildProcess.emit (events.js:191:7)
14 verbose stack     at maybeClose (internal/child_process.js:877:16)
14 verbose stack     at Process.ChildProcess._handle.onexit (internal/child_process.js:226:5)
15 verbose pkgid react-redux-universal-hot-example@0.9.0
16 verbose cwd /private/var/www/hackathon
17 error Darwin 16.4.0
18 error argv "/usr/local/bin/node" "/usr/local/bin/npm" "run" "watch-client"
19 error node v6.9.1
20 error npm  v4.1.1
21 error code ELIFECYCLE
22 error react-redux-universal-hot-example@0.9.0 watch-client: `better-npm-run watch-client`
22 error Exit status 1
23 error Failed at the react-redux-universal-hot-example@0.9.0 watch-client script 'better-npm-run watch-client'.
23 error Make sure you have the latest version of node.js and npm installed.
23 error If you do, this is most likely a problem with the react-redux-universal-hot-example package,
23 error not with npm itself.
23 error Tell the author that this fails on your system:
23 error     better-npm-run watch-client
23 error You can get information on how to open an issue for this project with:
23 error     npm bugs react-redux-universal-hot-example
23 error Or if that isn't available, you can get their info via:
23 error     npm owner ls react-redux-universal-hot-example
23 error There is likely additional logging output above.
24 verbose exit [ 1, true ]
